[35m[Appium][39m Welcome to Appium v1.22.3
[35m[Appium][39m Non-default server args:
[35m[Appium][39m   port: 64891
[35m[Appium][39m   loglevel: info
[35m[Appium][39m   tmpDir: /var/folders/5s/l6rndbp13hxd0r_d7mr6_r240000gn/T//Katalon/Appium/Temp1689354634309
[35m[Appium][39m   chromedriverPort: 64892
[35m[Appium][39m Deprecated server args:
[35m[Appium][39m   [31m--chromedriver-port[39m => --default-capabilities
[35m[Appium][39m Default capabilities, which will be added to each request unless overridden by desired capabilities:
[35m[Appium][39m   chromedriverPort: 64892
[35m[Appium][39m Appium REST http interface listener started on 0.0.0.0:64891
[35m[HTTP][39m [37m-->[39m [37mGET[39m [37m/wd/hub/status[39m
[35m[HTTP][39m [90m{}[39m
[35m[HTTP][39m [37m<-- GET /wd/hub/status [39m[32m200[39m [90m27 ms - 68[39m
[35m[HTTP][39m [90m[39m
[35m[HTTP][39m [37m-->[39m [37mGET[39m [37m/wd/hub/status[39m
[35m[HTTP][39m [90m{}[39m
[35m[HTTP][39m [37m<-- GET /wd/hub/status [39m[32m200[39m [90m3 ms - 68[39m
[35m[HTTP][39m [90m[39m
[35m[HTTP][39m [37m-->[39m [37mPOST[39m [37m/wd/hub/session[39m
[35m[HTTP][39m [90m{"desiredCapabilities":{"app":"/Users/user123/Downloads/com.bareksa.app_2023-06-27.apk","noReset":true,"deviceName":"emulator-5554 (sdk_gphone64_arm64 - Android 13)","fullReset":false,"platform":"ANDROID","newCommandTimeout":1800,"platformVersion":"13","automationName":"uiautomator2","autoGrantPermissions":true,"platformName":"Android","udid":"emulator-5554","systemPort":64925},"capabilities":{"firstMatch":[{"appium:app":"/Users/user123/Downloads/com.bareksa.app_2023-06-27.apk","appium:autoGrantPermissions":true,"appium:automationName":"uiautomator2","appium:deviceName":"emulator-5554 (sdk_gphone64_arm64 - Android 13)","appium:fullReset":false,"appium:newCommandTimeout":1800,"appium:noReset":true,"platform":"ANDROID","platformName":"android","appium:platformVersion":"13","appium:systemPort":64925,"appium:udid":"emulator-5554"}]}}[39m
[35m[BaseDriver][39m The following capabilities are not standard capabilities and should have an extension prefix:
[35m[BaseDriver][39m   platform
[35m[BaseDriver][39m   chromedriverPort
[35m[Appium][39m Appium v1.22.3 creating new AndroidUiautomator2Driver (v1.70.1) session
[35m[BaseDriver][39m The following capabilities were provided, but are not recognized by Appium:
[35m[BaseDriver][39m   platform
[35m[BaseDriver][39m Session created with session id: 8e5ce239-2c29-446f-bc7d-d4643bc5c98d
[35m[BaseDriver][39m Using local app '/Users/user123/Downloads/com.bareksa.app_2023-06-27.apk'
[35m[ADB][39m Found 1 'build-tools' folders under '/Users/user123/.katalon/tools/android_sdk' (newest first):
[35m[ADB][39m     /Users/user123/.katalon/tools/android_sdk/build-tools/29.0.3
[35m[ADB][39m Using 'adb' from '/Users/user123/.katalon/tools/android_sdk/platform-tools/adb'
[35m[AndroidDriver][39m Retrieving device list
[35m[AndroidDriver][39m Using device: emulator-5554
[35m[ADB][39m Using 'adb' from '/Users/user123/.katalon/tools/android_sdk/platform-tools/adb'
[35m[ADB][39m Getting device platform version
[35m[UiAutomator2][39m Relaxing hidden api policy
[35m[ADB][39m Package name: 'com.bareksa.app'
[35m[ADB][39m Main activity name: 'com.bareksa.app.activity.SplashActivity'
[35m[UiAutomator2][39m Server package at '/usr/local/lib/node_modules/appium/node_modules/appium-uiautomator2-server/apks/appium-uiautomator2-server-v4.27.0.apk' is not writeable. Will copy it into the temporary location at '/var/folders/5s/l6rndbp13hxd0r_d7mr6_r240000gn/T/Katalon/Appium/Temp1689354634309/2023615-24699-1h9rlio.qbj8' as a workaround. Consider making this file writeable manually in order to improve the performance of session startup.
[35m[UiAutomator2][39m Server package at '/usr/local/lib/node_modules/appium/node_modules/appium-uiautomator2-server/apks/appium-uiautomator2-server-debug-androidTest.apk' is not writeable. Will copy it into the temporary location at '/var/folders/5s/l6rndbp13hxd0r_d7mr6_r240000gn/T/Katalon/Appium/Temp1689354634309/2023615-24699-1h9rlio.qbj8' as a workaround. Consider making this file writeable manually in order to improve the performance of session startup.
[35m[ADB][39m Using 'apksigner.jar' from '/Users/user123/.katalon/tools/android_sdk/build-tools/29.0.3/lib/apksigner.jar'
[35m[ADB][39m '/var/folders/5s/l6rndbp13hxd0r_d7mr6_r240000gn/T/Katalon/Appium/Temp1689354634309/2023615-24699-1h9rlio.qbj8/appium-uiautomator2-server-v4.27.0.apk' is signed with the default certificate
[35m[ADB][39m '/var/folders/5s/l6rndbp13hxd0r_d7mr6_r240000gn/T/Katalon/Appium/Temp1689354634309/2023615-24699-1h9rlio.qbj8/appium-uiautomator2-server-debug-androidTest.apk' is signed with the default certificate
[35m[UiAutomator2][39m Server packages are not going to be (re)installed
[35m[ADB][39m Adding packages ["io.appium.settings","io.appium.uiautomator2.server","io.appium.uiautomator2.server.test"] to Doze whitelist
[35m[ADB][39m '/Users/user123/Downloads/com.bareksa.app_2023-06-27.apk' is signed with a non-default certificate
[35m[ADB][39m The application at '/Users/user123/Downloads/com.bareksa.app_2023-06-27.apk' will not be cached, because the device under test has confirmed the support of streamed installs
[35m[ADB][39m The installation of 'com.bareksa.app_2023-06-27.apk' took 1161ms
[35m[UiAutomator2][39m Starting UIAutomator2 server 4.27.0
[35m[UiAutomator2][39m Using UIAutomator2 server from '/usr/local/lib/node_modules/appium/node_modules/appium-uiautomator2-server/apks/appium-uiautomator2-server-v4.27.0.apk' and test from '/usr/local/lib/node_modules/appium/node_modules/appium-uiautomator2-server/apks/appium-uiautomator2-server-debug-androidTest.apk'
[35m[UiAutomator2][39m Waiting up to 30000ms for UiAutomator2 to be online...
[35m[WD Proxy][39m socket hang up
[35m[WD Proxy][39m socket hang up
[35m[WD Proxy][39m socket hang up
[35m[WD Proxy][39m Determined the downstream protocol as 'W3C'
[35m[AndroidDriver][39m Screen already unlocked, doing nothing
[35m[UiAutomator2][39m Starting 'com.bareksa.app/com.bareksa.app.activity.SplashActivity and waiting for 'com.bareksa.app/com.bareksa.app.activity.SplashActivity'
[35m[Appium][39m New AndroidUiautomator2Driver session created successfully, session 8e5ce239-2c29-446f-bc7d-d4643bc5c98d added to master session list
[35m[HTTP][39m [37m<-- POST /wd/hub/session [39m[32m200[39m [90m11603 ms - 1294[39m
[35m[HTTP][39m [90m[39m
[35m[HTTP][39m [37m-->[39m [37mGET[39m [37m/wd/hub/session/8e5ce239-2c29-446f-bc7d-d4643bc5c98d[39m
[35m[HTTP][39m [90m{}[39m
[35m[HTTP][39m [37m<-- GET /wd/hub/session/8e5ce239-2c29-446f-bc7d-d4643bc5c98d [39m[32m200[39m [90m13 ms - 1248[39m
[35m[HTTP][39m [90m[39m
[35m[HTTP][39m [37m-->[39m [37mGET[39m [37m/wd/hub/session/8e5ce239-2c29-446f-bc7d-d4643bc5c98d[39m
[35m[HTTP][39m [90m{}[39m
[35m[HTTP][39m [37m<-- GET /wd/hub/session/8e5ce239-2c29-446f-bc7d-d4643bc5c98d [39m[32m200[39m [90m13 ms - 1248[39m
[35m[HTTP][39m [90m[39m
[35m[HTTP][39m [37m-->[39m [37mGET[39m [37m/wd/hub/status[39m
[35m[HTTP][39m [90m{}[39m
[35m[HTTP][39m [37m<-- GET /wd/hub/status [39m[32m200[39m [90m2 ms - 68[39m
[35m[HTTP][39m [90m[39m
[35m[HTTP][39m [37m-->[39m [37mPOST[39m [37m/wd/hub/session/8e5ce239-2c29-446f-bc7d-d4643bc5c98d/timeouts[39m
[35m[HTTP][39m [90m{"implicit":60000}[39m
[35m[HTTP][39m [37m<-- POST /wd/hub/session/8e5ce239-2c29-446f-bc7d-d4643bc5c98d/timeouts [39m[32m200[39m [90m4 ms - 14[39m
[35m[HTTP][39m [90m[39m
[35m[HTTP][39m [37m-->[39m [37mGET[39m [37m/wd/hub/session/8e5ce239-2c29-446f-bc7d-d4643bc5c98d/source[39m
[35m[HTTP][39m [90m{}[39m
[35m[W3C (8e5ce239)][39m Driver proxy active, passing request on via HTTP proxy
[35m[WD Proxy][39m Replacing sessionId b41af36d-c795-4f5a-a9d1-7768ccdf8b73 with 8e5ce239-2c29-446f-bc7d-d4643bc5c98d
[35m[HTTP][39m [37m<-- GET /wd/hub/session/8e5ce239-2c29-446f-bc7d-d4643bc5c98d/source [39m[32m200[39m [90m546 ms - 15946[39m
[35m[HTTP][39m [90m[39m
[35m[HTTP][39m [37m-->[39m [37mGET[39m [37m/wd/hub/session/8e5ce239-2c29-446f-bc7d-d4643bc5c98d/screenshot[39m
[35m[HTTP][39m [90m{}[39m
[35m[HTTP][39m [37m<-- GET /wd/hub/session/8e5ce239-2c29-446f-bc7d-d4643bc5c98d/screenshot [39m[32m200[39m [90m600 ms - 460040[39m
[35m[HTTP][39m [90m[39m
[35m[HTTP][39m [37m-->[39m [37mGET[39m [37m/wd/hub/session/8e5ce239-2c29-446f-bc7d-d4643bc5c98d/source[39m
[35m[HTTP][39m [90m{}[39m
[35m[W3C (8e5ce239)][39m Driver proxy active, passing request on via HTTP proxy
[35m[WD Proxy][39m Replacing sessionId b41af36d-c795-4f5a-a9d1-7768ccdf8b73 with 8e5ce239-2c29-446f-bc7d-d4643bc5c98d
[35m[HTTP][39m [37m<-- GET /wd/hub/session/8e5ce239-2c29-446f-bc7d-d4643bc5c98d/source [39m[32m200[39m [90m106 ms - 13352[39m
[35m[HTTP][39m [90m[39m
[35m[HTTP][39m [37m-->[39m [37mGET[39m [37m/wd/hub/session/8e5ce239-2c29-446f-bc7d-d4643bc5c98d/screenshot[39m
[35m[HTTP][39m [90m{}[39m
[35m[HTTP][39m [37m<-- GET /wd/hub/session/8e5ce239-2c29-446f-bc7d-d4643bc5c98d/screenshot [39m[32m200[39m [90m333 ms - 239546[39m
[35m[HTTP][39m [90m[39m
[35m[HTTP][39m [37m-->[39m [37mPOST[39m [37m/wd/hub/session/8e5ce239-2c29-446f-bc7d-d4643bc5c98d/elements[39m
[35m[HTTP][39m [90m{"using":"xpath","value":"//*[@class = 'android.widget.EditText' and (@text = 'Contoh: email@gmail.com' or . = 'Contoh: email@gmail.com')]"}[39m
[35m[HTTP][39m [37m<-- POST /wd/hub/session/8e5ce239-2c29-446f-bc7d-d4643bc5c98d/elements [39m[32m200[39m [90m244 ms - 139[39m
[35m[HTTP][39m [90m[39m
[35m[HTTP][39m [37m-->[39m [37mPOST[39m [37m/wd/hub/session/8e5ce239-2c29-446f-bc7d-d4643bc5c98d/elements[39m
[35m[HTTP][39m [90m{"using":"xpath","value":"//*[@class = 'android.widget.EditText' and (@text = 'Masukkan Password' or . = 'Masukkan Password')]"}[39m
[35m[HTTP][39m [37m<-- POST /wd/hub/session/8e5ce239-2c29-446f-bc7d-d4643bc5c98d/elements [39m[32m200[39m [90m86 ms - 139[39m
[35m[HTTP][39m [90m[39m
[35m[HTTP][39m [37m-->[39m [37mDELETE[39m [37m/wd/hub/session/8e5ce239-2c29-446f-bc7d-d4643bc5c98d[39m
[35m[HTTP][39m [90m{}[39m
[35m[Appium][39m Removing session 8e5ce239-2c29-446f-bc7d-d4643bc5c98d from our master session list
[35m[UiAutomator2][39m Restoring hidden api policy to the device default configuration
[35m[HTTP][39m [37m<-- DELETE /wd/hub/session/8e5ce239-2c29-446f-bc7d-d4643bc5c98d [39m[32m200[39m [90m871 ms - 14[39m
[35m[HTTP][39m [90m[39m
